<?xml version="1.0" encoding="UTF-8"?>
<!-- Generated by org.testng.reporters.JUnitReportReporter -->
<testsuite hostname="LAPTOP-J7UF7I4K" failures="0" tests="2" name="ExtendReports.CreateDependencies" time="1.028" errors="1" timestamp="2024-07-29T14:07:57 IST" skipped="1">
  <testcase classname="ExtendReports.CreateDependencies" name="deleteAccount" time="0.000">
    <skipped/>
  </testcase> <!-- deleteAccount -->
  <testcase classname="ExtendReports.CreateDependencies" name="createAccount" time="1.028">
    <error message="Method ExtendReports.CreateDependencies.createAccount() didn&#039;t finish within the time-out 1000" type="org.testng.internal.thread.ThreadTimeoutException">
      <![CDATA[org.testng.internal.thread.ThreadTimeoutException: Method ExtendReports.CreateDependencies.createAccount() didn't finish within the time-out 1000
at java.base@17.0.2/java.lang.ProcessImpl.waitForTimeoutInterruptibly(Native Method)
at java.base@17.0.2/java.lang.ProcessImpl.waitFor(ProcessImpl.java:585)
at app//org.openqa.selenium.os.ExternalProcess.waitFor(ExternalProcess.java:277)
at app//org.openqa.selenium.manager.SeleniumManager.runCommand(SeleniumManager.java:141)
at app//org.openqa.selenium.manager.SeleniumManager.getBinaryPaths(SeleniumManager.java:247)
at app//org.openqa.selenium.remote.service.DriverFinder.getBinaryPaths(DriverFinder.java:102)
at app//org.openqa.selenium.remote.service.DriverFinder.getDriverPath(DriverFinder.java:55)
at app//org.openqa.selenium.chrome.ChromeDriver.generateExecutor(ChromeDriver.java:99)
at app//org.openqa.selenium.chrome.ChromeDriver.<init>(ChromeDriver.java:88)
at app//org.openqa.selenium.chrome.ChromeDriver.<init>(ChromeDriver.java:83)
at app//org.openqa.selenium.chrome.ChromeDriver.<init>(ChromeDriver.java:51)
at app//ExtendReports.CreateDependencies.createAccount(CreateDependencies.java:13)
at java.base@17.0.2/jdk.internal.reflect.NativeMethodAccessorImpl.invoke0(Native Method)
at java.base@17.0.2/jdk.internal.reflect.NativeMethodAccessorImpl.invoke(NativeMethodAccessorImpl.java:77)
at java.base@17.0.2/jdk.internal.reflect.DelegatingMethodAccessorImpl.invoke(DelegatingMethodAccessorImpl.java:43)
at java.base@17.0.2/java.lang.reflect.Method.invoke(Method.java:568)
at app//org.testng.internal.invokers.MethodInvocationHelper.invokeMethod(MethodInvocationHelper.java:139)
at app//org.testng.internal.invokers.InvokeMethodRunnable.runOne(InvokeMethodRunnable.java:47)
at app//org.testng.internal.invokers.InvokeMethodRunnable.call(InvokeMethodRunnable.java:76)
at app//org.testng.internal.invokers.InvokeMethodRunnable.call(InvokeMethodRunnable.java:11)
at java.base@17.0.2/java.util.concurrent.FutureTask.run(FutureTask.java:264)
at java.base@17.0.2/java.util.concurrent.ThreadPoolExecutor.runWorker(ThreadPoolExecutor.java:1136)
at java.base@17.0.2/java.util.concurrent.ThreadPoolExecutor$Worker.run(ThreadPoolExecutor.java:635)
at java.base@17.0.2/java.lang.Thread.run(Thread.java:833)
]]>
    </error>
  </testcase> <!-- createAccount -->
</testsuite> <!-- ExtendReports.CreateDependencies -->
